<?xml version="1.0" encoding="UTF-8"?>
<testsuite xmlns:xsi="http://www.w3.org/2001/XMLSchema-instance" xsi:noNamespaceSchemaLocation="https://maven.apache.org/surefire/maven-surefire-plugin/xsd/surefire-test-report-3.0.xsd" version="3.0" name="modelo.RecetaTest" time="0.105" tests="16" errors="0" skipped="0" failures="0">
  <properties>
    <property name="java.specification.version" value="20"/>
    <property name="sun.cpu.isalist" value="amd64"/>
    <property name="sun.jnu.encoding" value="Cp1252"/>
    <property name="java.class.path" value="C:\Users\sebas\OneDrive\Escritorio\EPN\6to Semestre\Metodologías Ágiles\Primer Bimestre\GR05_1BT3_622_24A\GR05_1BT3_622_24A\target\test-classes;C:\Users\sebas\OneDrive\Escritorio\EPN\6to Semestre\Metodologías Ágiles\Primer Bimestre\GR05_1BT3_622_24A\GR05_1BT3_622_24A\target\classes;C:\Users\sebas\.m2\repository\javax\servlet\javax.servlet-api\4.0.1\javax.servlet-api-4.0.1.jar;C:\Users\sebas\.m2\repository\org\eclipse\persistence\org.eclipse.persistence.jpa\4.0.2\org.eclipse.persistence.jpa-4.0.2.jar;C:\Users\sebas\.m2\repository\org\eclipse\persistence\org.eclipse.persistence.asm\9.5.0\org.eclipse.persistence.asm-9.5.0.jar;C:\Users\sebas\.m2\repository\org\eclipse\persistence\org.eclipse.persistence.core\4.0.2\org.eclipse.persistence.core-4.0.2.jar;C:\Users\sebas\.m2\repository\org\eclipse\persistence\org.eclipse.persistence.jpa.jpql\4.0.2\org.eclipse.persistence.jpa.jpql-4.0.2.jar;C:\Users\sebas\.m2\repository\org\junit\jupiter\junit-jupiter-api\5.11.0-M2\junit-jupiter-api-5.11.0-M2.jar;C:\Users\sebas\.m2\repository\org\opentest4j\opentest4j\1.3.0\opentest4j-1.3.0.jar;C:\Users\sebas\.m2\repository\org\junit\platform\junit-platform-commons\1.11.0-M2\junit-platform-commons-1.11.0-M2.jar;C:\Users\sebas\.m2\repository\org\apiguardian\apiguardian-api\1.1.2\apiguardian-api-1.1.2.jar;C:\Users\sebas\.m2\repository\org\junit\jupiter\junit-jupiter-engine\5.11.0-M2\junit-jupiter-engine-5.11.0-M2.jar;C:\Users\sebas\.m2\repository\org\junit\platform\junit-platform-engine\1.11.0-M2\junit-platform-engine-1.11.0-M2.jar;C:\Users\sebas\.m2\repository\org\junit\jupiter\junit-jupiter-params\5.8.1\junit-jupiter-params-5.8.1.jar;C:\Users\sebas\.m2\repository\org\mockito\mockito-core\5.3.1\mockito-core-5.3.1.jar;C:\Users\sebas\.m2\repository\net\bytebuddy\byte-buddy\1.14.4\byte-buddy-1.14.4.jar;C:\Users\sebas\.m2\repository\net\bytebuddy\byte-buddy-agent\1.14.4\byte-buddy-agent-1.14.4.jar;C:\Users\sebas\.m2\repository\org\objenesis\objenesis\3.3\objenesis-3.3.jar;C:\Users\sebas\.m2\repository\org\hibernate\orm\hibernate-core\6.0.0.Final\hibernate-core-6.0.0.Final.jar;C:\Users\sebas\.m2\repository\jakarta\transaction\jakarta.transaction-api\2.0.0\jakarta.transaction-api-2.0.0.jar;C:\Users\sebas\.m2\repository\org\jboss\logging\jboss-logging\3.4.3.Final\jboss-logging-3.4.3.Final.jar;C:\Users\sebas\.m2\repository\org\jboss\jandex\2.4.2.Final\jandex-2.4.2.Final.jar;C:\Users\sebas\.m2\repository\com\fasterxml\classmate\1.5.1\classmate-1.5.1.jar;C:\Users\sebas\.m2\repository\org\hibernate\common\hibernate-commons-annotations\6.0.0.CR1\hibernate-commons-annotations-6.0.0.CR1.jar;C:\Users\sebas\.m2\repository\jakarta\activation\jakarta.activation-api\2.0.1\jakarta.activation-api-2.0.1.jar;C:\Users\sebas\.m2\repository\jakarta\xml\bind\jakarta.xml.bind-api\3.0.1\jakarta.xml.bind-api-3.0.1.jar;C:\Users\sebas\.m2\repository\com\sun\activation\jakarta.activation\2.0.1\jakarta.activation-2.0.1.jar;C:\Users\sebas\.m2\repository\org\glassfish\jaxb\jaxb-runtime\3.0.2\jaxb-runtime-3.0.2.jar;C:\Users\sebas\.m2\repository\org\glassfish\jaxb\jaxb-core\3.0.2\jaxb-core-3.0.2.jar;C:\Users\sebas\.m2\repository\org\glassfish\jaxb\txw2\3.0.2\txw2-3.0.2.jar;C:\Users\sebas\.m2\repository\com\sun\istack\istack-commons-runtime\4.0.1\istack-commons-runtime-4.0.1.jar;C:\Users\sebas\.m2\repository\jakarta\inject\jakarta.inject-api\2.0.0\jakarta.inject-api-2.0.0.jar;C:\Users\sebas\.m2\repository\org\antlr\antlr4-runtime\4.9.1\antlr4-runtime-4.9.1.jar;C:\Users\sebas\.m2\repository\jakarta\persistence\jakarta.persistence-api\3.1.0\jakarta.persistence-api-3.1.0.jar;C:\Users\sebas\.m2\repository\org\apache\derby\derby\10.14.2.0\derby-10.14.2.0.jar;"/>
    <property name="java.vm.vendor" value="Oracle Corporation"/>
    <property name="sun.arch.data.model" value="64"/>
    <property name="user.variant" value=""/>
    <property name="java.vendor.url" value="https://java.oracle.com/"/>
    <property name="user.timezone" value="America/Guayaquil"/>
    <property name="os.name" value="Windows 11"/>
    <property name="java.vm.specification.version" value="20"/>
    <property name="sun.java.launcher" value="SUN_STANDARD"/>
    <property name="user.country" value="EC"/>
    <property name="sun.boot.library.path" value="C:\Users\sebas\.jdks\openjdk-20.0.1\bin"/>
    <property name="sun.java.command" value="C:\Users\sebas\AppData\Local\Temp\surefire16347424039518719449\surefirebooter-20241031191229360_3.jar C:\Users\sebas\AppData\Local\Temp\surefire16347424039518719449 2024-10-31T19-12-29_193-jvmRun1 surefire-20241031191229360_1tmp surefire_0-20241031191229360_2tmp"/>
    <property name="jdk.debug" value="release"/>
    <property name="surefire.test.class.path" value="C:\Users\sebas\OneDrive\Escritorio\EPN\6to Semestre\Metodologías Ágiles\Primer Bimestre\GR05_1BT3_622_24A\GR05_1BT3_622_24A\target\test-classes;C:\Users\sebas\OneDrive\Escritorio\EPN\6to Semestre\Metodologías Ágiles\Primer Bimestre\GR05_1BT3_622_24A\GR05_1BT3_622_24A\target\classes;C:\Users\sebas\.m2\repository\javax\servlet\javax.servlet-api\4.0.1\javax.servlet-api-4.0.1.jar;C:\Users\sebas\.m2\repository\org\eclipse\persistence\org.eclipse.persistence.jpa\4.0.2\org.eclipse.persistence.jpa-4.0.2.jar;C:\Users\sebas\.m2\repository\org\eclipse\persistence\org.eclipse.persistence.asm\9.5.0\org.eclipse.persistence.asm-9.5.0.jar;C:\Users\sebas\.m2\repository\org\eclipse\persistence\org.eclipse.persistence.core\4.0.2\org.eclipse.persistence.core-4.0.2.jar;C:\Users\sebas\.m2\repository\org\eclipse\persistence\org.eclipse.persistence.jpa.jpql\4.0.2\org.eclipse.persistence.jpa.jpql-4.0.2.jar;C:\Users\sebas\.m2\repository\org\junit\jupiter\junit-jupiter-api\5.11.0-M2\junit-jupiter-api-5.11.0-M2.jar;C:\Users\sebas\.m2\repository\org\opentest4j\opentest4j\1.3.0\opentest4j-1.3.0.jar;C:\Users\sebas\.m2\repository\org\junit\platform\junit-platform-commons\1.11.0-M2\junit-platform-commons-1.11.0-M2.jar;C:\Users\sebas\.m2\repository\org\apiguardian\apiguardian-api\1.1.2\apiguardian-api-1.1.2.jar;C:\Users\sebas\.m2\repository\org\junit\jupiter\junit-jupiter-engine\5.11.0-M2\junit-jupiter-engine-5.11.0-M2.jar;C:\Users\sebas\.m2\repository\org\junit\platform\junit-platform-engine\1.11.0-M2\junit-platform-engine-1.11.0-M2.jar;C:\Users\sebas\.m2\repository\org\junit\jupiter\junit-jupiter-params\5.8.1\junit-jupiter-params-5.8.1.jar;C:\Users\sebas\.m2\repository\org\mockito\mockito-core\5.3.1\mockito-core-5.3.1.jar;C:\Users\sebas\.m2\repository\net\bytebuddy\byte-buddy\1.14.4\byte-buddy-1.14.4.jar;C:\Users\sebas\.m2\repository\net\bytebuddy\byte-buddy-agent\1.14.4\byte-buddy-agent-1.14.4.jar;C:\Users\sebas\.m2\repository\org\objenesis\objenesis\3.3\objenesis-3.3.jar;C:\Users\sebas\.m2\repository\org\hibernate\orm\hibernate-core\6.0.0.Final\hibernate-core-6.0.0.Final.jar;C:\Users\sebas\.m2\repository\jakarta\transaction\jakarta.transaction-api\2.0.0\jakarta.transaction-api-2.0.0.jar;C:\Users\sebas\.m2\repository\org\jboss\logging\jboss-logging\3.4.3.Final\jboss-logging-3.4.3.Final.jar;C:\Users\sebas\.m2\repository\org\jboss\jandex\2.4.2.Final\jandex-2.4.2.Final.jar;C:\Users\sebas\.m2\repository\com\fasterxml\classmate\1.5.1\classmate-1.5.1.jar;C:\Users\sebas\.m2\repository\org\hibernate\common\hibernate-commons-annotations\6.0.0.CR1\hibernate-commons-annotations-6.0.0.CR1.jar;C:\Users\sebas\.m2\repository\jakarta\activation\jakarta.activation-api\2.0.1\jakarta.activation-api-2.0.1.jar;C:\Users\sebas\.m2\repository\jakarta\xml\bind\jakarta.xml.bind-api\3.0.1\jakarta.xml.bind-api-3.0.1.jar;C:\Users\sebas\.m2\repository\com\sun\activation\jakarta.activation\2.0.1\jakarta.activation-2.0.1.jar;C:\Users\sebas\.m2\repository\org\glassfish\jaxb\jaxb-runtime\3.0.2\jaxb-runtime-3.0.2.jar;C:\Users\sebas\.m2\repository\org\glassfish\jaxb\jaxb-core\3.0.2\jaxb-core-3.0.2.jar;C:\Users\sebas\.m2\repository\org\glassfish\jaxb\txw2\3.0.2\txw2-3.0.2.jar;C:\Users\sebas\.m2\repository\com\sun\istack\istack-commons-runtime\4.0.1\istack-commons-runtime-4.0.1.jar;C:\Users\sebas\.m2\repository\jakarta\inject\jakarta.inject-api\2.0.0\jakarta.inject-api-2.0.0.jar;C:\Users\sebas\.m2\repository\org\antlr\antlr4-runtime\4.9.1\antlr4-runtime-4.9.1.jar;C:\Users\sebas\.m2\repository\jakarta\persistence\jakarta.persistence-api\3.1.0\jakarta.persistence-api-3.1.0.jar;C:\Users\sebas\.m2\repository\org\apache\derby\derby\10.14.2.0\derby-10.14.2.0.jar;"/>
    <property name="sun.cpu.endian" value="little"/>
    <property name="user.home" value="C:\Users\sebas"/>
    <property name="user.language" value="es"/>
    <property name="java.specification.vendor" value="Oracle Corporation"/>
    <property name="java.version.date" value="2023-04-18"/>
    <property name="java.home" value="C:\Users\sebas\.jdks\openjdk-20.0.1"/>
    <property name="file.separator" value="\"/>
    <property name="basedir" value="C:\Users\sebas\OneDrive\Escritorio\EPN\6to Semestre\Metodologías Ágiles\Primer Bimestre\GR05_1BT3_622_24A\GR05_1BT3_622_24A"/>
    <property name="java.vm.compressedOopsMode" value="Zero based"/>
    <property name="line.separator" value="&#10;"/>
    <property name="java.vm.specification.vendor" value="Oracle Corporation"/>
    <property name="java.specification.name" value="Java Platform API Specification"/>
    <property name="surefire.real.class.path" value="C:\Users\sebas\AppData\Local\Temp\surefire16347424039518719449\surefirebooter-20241031191229360_3.jar"/>
    <property name="user.script" value=""/>
    <property name="sun.management.compiler" value="HotSpot 64-Bit Tiered Compilers"/>
    <property name="java.runtime.version" value="20.0.1+9-29"/>
    <property name="user.name" value="sebas"/>
    <property name="stdout.encoding" value="Cp1252"/>
    <property name="path.separator" value=";"/>
    <property name="os.version" value="10.0"/>
    <property name="java.runtime.name" value="OpenJDK Runtime Environment"/>
    <property name="file.encoding" value="UTF-8"/>
    <property name="java.vm.name" value="OpenJDK 64-Bit Server VM"/>
    <property name="localRepository" value="C:\Users\sebas\.m2\repository"/>
    <property name="java.vendor.url.bug" value="https://bugreport.java.com/bugreport/"/>
    <property name="java.io.tmpdir" value="C:\Users\sebas\AppData\Local\Temp\"/>
    <property name="idea.version" value="2024.2.3"/>
    <property name="java.version" value="20.0.1"/>
    <property name="user.dir" value="C:\Users\sebas\OneDrive\Escritorio\EPN\6to Semestre\Metodologías Ágiles\Primer Bimestre\GR05_1BT3_622_24A\GR05_1BT3_622_24A"/>
    <property name="os.arch" value="amd64"/>
    <property name="java.vm.specification.name" value="Java Virtual Machine Specification"/>
    <property name="sun.os.patch.level" value=""/>
    <property name="native.encoding" value="Cp1252"/>
    <property name="java.library.path" value="C:\Users\sebas\.jdks\openjdk-20.0.1\bin;C:\WINDOWS\Sun\Java\bin;C:\WINDOWS\system32;C:\WINDOWS;C:\Program Files\Common Files\Oracle\Java\javapath;C:\Program Files\Eclipse Adoptium\jdk-17.0.5.8-hotspot\bin;C:\Program Files (x86)\Razer Chroma SDK\bin;C:\Program Files\Razer Chroma SDK\bin;C:\Program Files (x86)\Razer\ChromaBroadcast\bin;C:\Program Files\Razer\ChromaBroadcast\bin;C:\Program Files (x86)\Common Files\Oracle\Java\javapath;C:\Windows\system32;C:\Windows;C:\Windows\System32\Wbem;C:\Windows\System32\WindowsPowerShell\v1.0\;C:\Windows\System32\OpenSSH\;C:\Program Files (x86)\NVIDIA Corporation\PhysX\Common;C:\Windows\system32\config\systemprofile\AppData\Local\Microsoft\WindowsApps;C:\Users\sebas\AppData\Local\Microsoft\WindowsApps;C:\Users\sebas\AppData\Local\Programs\Microsoft VS Code\bin;C:\WINDOWS\system32;C:\WINDOWS;C:\WINDOWS\System32\Wbem;C:\WINDOWS\System32\WindowsPowerShell\v1.0\;C:\WINDOWS\System32\OpenSSH\;C:\Program Files (x86)\Windows Kits\10\Windows Performance Toolkit\;C:\Program Files\NVIDIA Corporation\NVIDIA NvDLISR;C:\Program Files\Microsoft SQL Server\Client SDK\ODBC\170\Tools\Binn\;C:\Program Files\Azure Data Studio\bin;C:\Program Files\Microsoft SQL Server\150\Tools\Binn\;C:\Program Files\dotnet\;C:\Program Files\Microsoft SQL Server\Client SDK\ODBC\130\Tools\Binn\;C:\Program Files\Git\cmd;C:\Program Files\Java\jdk-20\bin;C:\Program Files\Docker\Docker\resources\bin;C:\Program Files\nodejs\;C:\Users\sebas\AppData\Local\Programs\Python\Python312\Scripts\;C:\Users\sebas\AppData\Local\Programs\Python\Python312\;C:\Users\sebas\AppData\Local\Microsoft\WindowsApps;C:\Users\sebas\AppData\Local\Programs\Microsoft VS Code\bin;C:\Program Files\Azure Data Studio\bin;C:\Users\sebas\.dotnet\tools;C:\Users\sebas\AppData\Local\GitHubDesktop\bin;C:\Users\sebas\AppData\Local\Microsoft\WinGet\Packages\Schniz.fnm_Microsoft.Winget.Source_8wekyb3d8bbwe;C:\Users\sebas\AppData\Roaming\npm;."/>
    <property name="java.vm.info" value="mixed mode, sharing"/>
    <property name="stderr.encoding" value="Cp1252"/>
    <property name="java.vendor" value="Oracle Corporation"/>
    <property name="java.vm.version" value="20.0.1+9-29"/>
    <property name="sun.io.unicode.encoding" value="UnicodeLittle"/>
    <property name="java.class.version" value="64.0"/>
  </properties>
  <testcase name="given_receta_when_agregarLike_then_agregarReaction" classname="modelo.RecetaTest" time="0.024">
    <system-out><![CDATA[SetUp
Reacción LIKE incrementada.
Reacción LIKE incrementada.
Reacción LIKE incrementada.
Reacción LIKE eliminada.
]]></system-out>
  </testcase>
  <testcase name="givenRecetaConPalabrasOfensivas_whenVerificarContenidoOfensivo_thenRetornaTrue(String, String, String)[1]" classname="modelo.RecetaTest" time="0.014">
    <system-out><![CDATA[SetUp
]]></system-out>
  </testcase>
  <testcase name="givenRecetaConPalabrasOfensivas_whenVerificarContenidoOfensivo_thenRetornaTrue(String, String, String)[2]" classname="modelo.RecetaTest" time="0.001">
    <system-out><![CDATA[SetUp
]]></system-out>
  </testcase>
  <testcase name="givenRecetaConPalabrasOfensivas_whenVerificarContenidoOfensivo_thenRetornaTrue(String, String, String)[3]" classname="modelo.RecetaTest" time="0.001">
    <system-out><![CDATA[SetUp
]]></system-out>
  </testcase>
  <testcase name="givenRecetaConPalabrasOfensivas_whenVerificarContenidoOfensivo_thenRetornaTrue(String, String, String)[4]" classname="modelo.RecetaTest" time="0.001">
    <system-out><![CDATA[SetUp
]]></system-out>
  </testcase>
  <testcase name="given_receta_when_fieldsLessThan200Chars_then_validReceta(String, String, String, String)[1]" classname="modelo.RecetaTest" time="0.002">
    <system-out><![CDATA[SetUp
]]></system-out>
  </testcase>
  <testcase name="given_receta_when_fieldsLessThan200Chars_then_validReceta(String, String, String, String)[2]" classname="modelo.RecetaTest" time="0.002">
    <system-out><![CDATA[SetUp
]]></system-out>
  </testcase>
  <testcase name="given_receta_when_fieldsLessThan200Chars_then_validReceta(String, String, String, String)[3]" classname="modelo.RecetaTest" time="0.001">
    <system-out><![CDATA[SetUp
]]></system-out>
  </testcase>
  <testcase name="given_receta_when_fieldsLessThan200Chars_then_validReceta(String, String, String, String)[4]" classname="modelo.RecetaTest" time="0.001">
    <system-out><![CDATA[SetUp
]]></system-out>
  </testcase>
  <testcase name="given_receta_when_fieldsLessThan200Chars_then_validReceta(String, String, String, String)[5]" classname="modelo.RecetaTest" time="0.001">
    <system-out><![CDATA[SetUp
]]></system-out>
  </testcase>
  <testcase name="given_receta_when_fieldsLessThan200Chars_then_validReceta(String, String, String, String)[6]" classname="modelo.RecetaTest" time="0.001">
    <system-out><![CDATA[SetUp
]]></system-out>
  </testcase>
  <testcase name="given_receta_when_eliminarComentario_then_quitarComentarioReceta" classname="modelo.RecetaTest" time="0.002">
    <system-out><![CDATA[SetUp
]]></system-out>
  </testcase>
  <testcase name="given_receta_when_comentarReceta_then_comentarReceta" classname="modelo.RecetaTest" time="0.001">
    <system-out><![CDATA[SetUp
]]></system-out>
  </testcase>
  <testcase name="given_receta_when_agregarDislike_then_agregarReaction" classname="modelo.RecetaTest" time="0.0">
    <system-out><![CDATA[SetUp
Reacción DISLIKE incrementada.
Reacción DISLIKE incrementada.
Reacción DISLIKE eliminada.
]]></system-out>
  </testcase>
  <testcase name="given_receta_when_publicarReceta_then_nuevaReceta" classname="modelo.RecetaTest" time="0.002">
    <system-out><![CDATA[SetUp
Test publicarReceta
[Receta{nombre='Torta de chocolate', tipoReceta='Postre', ingredientes='Harina, azúcar, cacao, huevos', instrucciones='Mezclar los ingredientes y hornear'}]
]]></system-out>
  </testcase>
  <testcase name="given_receta_when_eliminarReceta_then_quitarReceta" classname="modelo.RecetaTest" time="0.001">
    <system-out><![CDATA[SetUp
Test eliminarReceta
Before [Receta{nombre='Torta de chocolate', tipoReceta='Postre', ingredientes='Harina, azúcar, cacao, huevos', instrucciones='Mezclar los ingredientes y hornear'}]
After []
]]></system-out>
  </testcase>
</testsuite>